iter: 0, loss: 0.12202541530132294
iter: 100, loss: 0.11684852838516235
iter: 200, loss: 0.10419212281703949
iter: 300, loss: 0.1090579479932785
iter: 400, loss: 0.08856351673603058
iter: 500, loss: 0.09393980354070663
iter: 600, loss: 0.0770602896809578
epoch: 0, train_acc: 0.2619, test_acc: 0.2835
iter: 0, loss: 0.0960238054394722
iter: 100, loss: 0.09015156328678131
iter: 200, loss: 0.08094784617424011
iter: 300, loss: 0.0841073989868164
iter: 400, loss: 0.08537766337394714
iter: 500, loss: 0.07199827581644058
iter: 600, loss: 0.06168783828616142
epoch: 1, train_acc: 0.405125, test_acc: 0.4175
iter: 0, loss: 0.07460252195596695
iter: 100, loss: 0.07712098956108093
iter: 200, loss: 0.08162099123001099
iter: 300, loss: 0.06742081046104431
iter: 400, loss: 0.07463021576404572
iter: 500, loss: 0.07566090673208237
iter: 600, loss: 0.05958417057991028
epoch: 2, train_acc: 0.502125, test_acc: 0.5035
iter: 0, loss: 0.06797946989536285
iter: 100, loss: 0.05383015424013138
iter: 200, loss: 0.05295842885971069
iter: 300, loss: 0.07556048035621643
iter: 400, loss: 0.0657401904463768
iter: 500, loss: 0.04539324715733528
iter: 600, loss: 0.05564384534955025
epoch: 3, train_acc: 0.608975, test_acc: 0.6145
iter: 0, loss: 0.05930962413549423
iter: 100, loss: 0.059227436780929565
iter: 200, loss: 0.05118396133184433
iter: 300, loss: 0.05007336288690567
iter: 400, loss: 0.051767438650131226
iter: 500, loss: 0.053309060633182526
iter: 600, loss: 0.04865829646587372
epoch: 4, train_acc: 0.6591, test_acc: 0.658
iter: 0, loss: 0.05060403794050217
iter: 100, loss: 0.04881325364112854
iter: 200, loss: 0.059077728539705276
iter: 300, loss: 0.04821173846721649
iter: 400, loss: 0.05033773183822632
iter: 500, loss: 0.05683548003435135
iter: 600, loss: 0.05407390743494034
epoch: 5, train_acc: 0.68095, test_acc: 0.6835
iter: 0, loss: 0.053469061851501465
iter: 100, loss: 0.04869085177779198
iter: 200, loss: 0.043931201100349426
iter: 300, loss: 0.05645981431007385
iter: 400, loss: 0.04651212319731712
iter: 500, loss: 0.03896171599626541
iter: 600, loss: 0.041714657098054886
epoch: 6, train_acc: 0.697025, test_acc: 0.7025
iter: 0, loss: 0.045452602207660675
iter: 100, loss: 0.046872831881046295
iter: 200, loss: 0.03334739804267883
iter: 300, loss: 0.03626497834920883
iter: 400, loss: 0.04973962903022766
iter: 500, loss: 0.03003460168838501
iter: 600, loss: 0.04062692075967789
epoch: 7, train_acc: 0.70565, test_acc: 0.711
iter: 0, loss: 0.059467561542987823
iter: 100, loss: 0.04998209327459335
iter: 200, loss: 0.028831157833337784
iter: 300, loss: 0.049250755459070206
iter: 400, loss: 0.03838163614273071
iter: 500, loss: 0.046902336180210114
iter: 600, loss: 0.039932552725076675
epoch: 8, train_acc: 0.712375, test_acc: 0.72
iter: 0, loss: 0.038728438317775726
iter: 100, loss: 0.03735031932592392
iter: 200, loss: 0.047602035105228424
iter: 300, loss: 0.037362176924943924
iter: 400, loss: 0.05454133078455925
iter: 500, loss: 0.03649568185210228
iter: 600, loss: 0.04001200944185257
epoch: 9, train_acc: 0.7187, test_acc: 0.721
