iter: 0, loss: 0.13243265450000763
iter: 100, loss: 0.12151428312063217
iter: 200, loss: 0.12311752885580063
iter: 300, loss: 0.1160404309630394
iter: 400, loss: 0.11751876771450043
iter: 500, loss: 0.11931715160608292
iter: 600, loss: 0.11492732912302017
epoch: 0, train_acc: 0.150225, test_acc: 0.145
iter: 0, loss: 0.10665345191955566
iter: 100, loss: 0.10731019824743271
iter: 200, loss: 0.106173075735569
iter: 300, loss: 0.11045738309621811
iter: 400, loss: 0.10733754932880402
iter: 500, loss: 0.11578543484210968
iter: 600, loss: 0.1039244681596756
epoch: 1, train_acc: 0.182825, test_acc: 0.1775
iter: 0, loss: 0.09913453459739685
iter: 100, loss: 0.1012699231505394
iter: 200, loss: 0.09811583906412125
iter: 300, loss: 0.1052498072385788
iter: 400, loss: 0.09921494126319885
iter: 500, loss: 0.10045947879552841
iter: 600, loss: 0.09526433050632477
epoch: 2, train_acc: 0.2147, test_acc: 0.22
iter: 0, loss: 0.0972212627530098
iter: 100, loss: 0.1023058146238327
iter: 200, loss: 0.09209726750850677
iter: 300, loss: 0.09219776093959808
iter: 400, loss: 0.09492792189121246
iter: 500, loss: 0.09572385251522064
iter: 600, loss: 0.08283013105392456
epoch: 3, train_acc: 0.2427, test_acc: 0.251
iter: 0, loss: 0.09357839077711105
iter: 100, loss: 0.08601893484592438
iter: 200, loss: 0.09400831907987595
iter: 300, loss: 0.09568845480680466
iter: 400, loss: 0.10426255315542221
iter: 500, loss: 0.09002912044525146
iter: 600, loss: 0.08493707329034805
epoch: 4, train_acc: 0.269625, test_acc: 0.2765
iter: 0, loss: 0.08527196943759918
iter: 100, loss: 0.08707451820373535
iter: 200, loss: 0.08354996144771576
iter: 300, loss: 0.07139725238084793
iter: 400, loss: 0.08393792808055878
iter: 500, loss: 0.08700432628393173
iter: 600, loss: 0.08857278525829315
epoch: 5, train_acc: 0.298625, test_acc: 0.3035
iter: 0, loss: 0.08191150426864624
iter: 100, loss: 0.0832347720861435
iter: 200, loss: 0.08062958717346191
iter: 300, loss: 0.08884666860103607
iter: 400, loss: 0.09078515321016312
iter: 500, loss: 0.09512677043676376
iter: 600, loss: 0.08711335062980652
epoch: 6, train_acc: 0.33705, test_acc: 0.338
iter: 0, loss: 0.08783622086048126
iter: 100, loss: 0.08355822414159775
iter: 200, loss: 0.08442474156618118
iter: 300, loss: 0.07712627947330475
iter: 400, loss: 0.07921247184276581
iter: 500, loss: 0.06637801975011826
iter: 600, loss: 0.08003787696361542
epoch: 7, train_acc: 0.37555, test_acc: 0.374
iter: 0, loss: 0.08103214204311371
iter: 100, loss: 0.07513047754764557
iter: 200, loss: 0.08247549831867218
iter: 300, loss: 0.07491528242826462
iter: 400, loss: 0.08427788317203522
iter: 500, loss: 0.07808215171098709
iter: 600, loss: 0.06938372552394867
epoch: 8, train_acc: 0.4059, test_acc: 0.4045
iter: 0, loss: 0.07883008569478989
iter: 100, loss: 0.07599186152219772
iter: 200, loss: 0.07098376005887985
iter: 300, loss: 0.08169581741094589
iter: 400, loss: 0.07369877398014069
iter: 500, loss: 0.07844658941030502
iter: 600, loss: 0.07628725469112396
epoch: 9, train_acc: 0.429875, test_acc: 0.4295
