iter: 0, loss: 0.16378791630268097
iter: 100, loss: 0.053857170045375824
iter: 200, loss: 0.014573733322322369
iter: 300, loss: 0.01705896481871605
iter: 400, loss: 0.0164907518774271
iter: 500, loss: 0.011008293367922306
iter: 600, loss: 0.014930427074432373
epoch: 0, train_acc: 0.93675, test_acc: 0.932
iter: 0, loss: 0.010557956993579865
iter: 100, loss: 0.004850683733820915
iter: 200, loss: 0.003673850791528821
iter: 300, loss: 0.0035290964879095554
iter: 400, loss: 0.004321629647165537
iter: 500, loss: 0.00833061896264553
iter: 600, loss: 0.005297676660120487
epoch: 1, train_acc: 0.9641, test_acc: 0.9595
iter: 0, loss: 0.008076957426965237
iter: 100, loss: 0.005308955907821655
iter: 200, loss: 0.006915144622325897
iter: 300, loss: 0.005156642757356167
iter: 400, loss: 0.008939770981669426
iter: 500, loss: 0.008695192635059357
iter: 600, loss: 0.0061859204433858395
epoch: 2, train_acc: 0.963425, test_acc: 0.9575
iter: 0, loss: 0.0031654394697397947
iter: 100, loss: 0.00207338435575366
iter: 200, loss: 0.0014193408424034715
iter: 300, loss: 0.007007350213825703
iter: 400, loss: 0.0008800806244835258
iter: 500, loss: 0.005367467179894447
iter: 600, loss: 0.0027747012209147215
epoch: 3, train_acc: 0.974, test_acc: 0.965
iter: 0, loss: 0.005727455951273441
iter: 100, loss: 0.005152358673512936
iter: 200, loss: 0.004555360414087772
iter: 300, loss: 0.004086420871317387
iter: 400, loss: 0.006086092907935381
iter: 500, loss: 0.0005289965192787349
iter: 600, loss: 0.008139422163367271
epoch: 4, train_acc: 0.97605, test_acc: 0.967
iter: 0, loss: 0.00012583754141815007
iter: 100, loss: 0.0020208731293678284
iter: 200, loss: 0.004207277204841375
iter: 300, loss: 0.0005833934410475194
iter: 400, loss: 0.003846578998491168
iter: 500, loss: 0.0012466786429286003
iter: 600, loss: 0.00023795347078703344
epoch: 5, train_acc: 0.980775, test_acc: 0.97
iter: 0, loss: 0.00760427862405777
iter: 100, loss: 0.0024832661729305983
iter: 200, loss: 0.004768370650708675
iter: 300, loss: 0.00047303372411988676
iter: 400, loss: 0.002882364671677351
iter: 500, loss: 0.00040419926517643034
iter: 600, loss: 0.005207274574786425
epoch: 6, train_acc: 0.985375, test_acc: 0.9725
iter: 0, loss: 0.002803620183840394
iter: 100, loss: 0.00010610694153001532
iter: 200, loss: 0.0019940361380577087
iter: 300, loss: 0.003785197390243411
iter: 400, loss: 0.0016485474770888686
iter: 500, loss: 1.796421202016063e-05
iter: 600, loss: 0.0003228083369322121
epoch: 7, train_acc: 0.986825, test_acc: 0.972
iter: 0, loss: 0.003882912453263998
iter: 100, loss: 0.0026514932978898287
iter: 200, loss: 0.004240780137479305
iter: 300, loss: 0.0010642532724887133
iter: 400, loss: 1.4272691259975545e-05
iter: 500, loss: 0.0009042114834301174
iter: 600, loss: 0.0022878332529217005
epoch: 8, train_acc: 0.9869, test_acc: 0.9715
iter: 0, loss: 6.986015068832785e-05
iter: 100, loss: 0.0008776355534791946
iter: 200, loss: 0.0016773386159911752
iter: 300, loss: 0.00011744409857783467
iter: 400, loss: 1.93151045095874e-05
iter: 500, loss: 0.0029604025185108185
iter: 600, loss: 0.005704593379050493
epoch: 9, train_acc: 0.989325, test_acc: 0.977
