iter: 0, loss: 0.10287567228078842
iter: 100, loss: 0.008377373218536377
iter: 200, loss: 0.016269097104668617
iter: 300, loss: 0.007033001631498337
iter: 400, loss: 0.01454966515302658
iter: 500, loss: 0.0053950110450387
iter: 600, loss: 0.0025746244937181473
epoch: 0, train_acc: 0.96825, test_acc: 0.9585
iter: 0, loss: 0.005112738814204931
iter: 100, loss: 0.000251471356023103
iter: 200, loss: 0.0017850128933787346
iter: 300, loss: 0.0022797496058046818
iter: 400, loss: 0.0013688297476619482
iter: 500, loss: 0.0006560522015206516
iter: 600, loss: 0.0005931650521233678
epoch: 1, train_acc: 0.9852, test_acc: 0.9805
iter: 0, loss: 0.0006800781702622771
iter: 100, loss: 0.001647800556384027
iter: 200, loss: 0.0033007364254444838
iter: 300, loss: 0.0041332850232720375
iter: 400, loss: 0.004525586497038603
iter: 500, loss: 0.003418570850044489
iter: 600, loss: 0.007571566849946976
epoch: 2, train_acc: 0.986475, test_acc: 0.983
iter: 0, loss: 1.3621923926621093e-06
iter: 100, loss: 0.00026468918076716363
iter: 200, loss: 0.001477419282309711
iter: 300, loss: 0.003826477099210024
iter: 400, loss: 1.9157946553605143e-06
iter: 500, loss: 0.0036869291216135025
iter: 600, loss: 0.0017684760969132185
epoch: 3, train_acc: 0.985825, test_acc: 0.9775
iter: 0, loss: 6.675365875707939e-05
iter: 100, loss: 5.849334684171481e-06
iter: 200, loss: 0.0013324858155101538
iter: 300, loss: 3.6317785998107865e-05
iter: 400, loss: 5.974522565566076e-08
iter: 500, loss: 0.0037939068861305714
iter: 600, loss: 0.0031272799242287874
epoch: 4, train_acc: 0.981025, test_acc: 0.971
iter: 0, loss: 0.002694288967177272
iter: 100, loss: 0.0029212706722319126
iter: 200, loss: 5.145612824719592e-09
iter: 300, loss: 0.0003381017886567861
iter: 400, loss: 6.779405339329969e-06
iter: 500, loss: 6.760990072507411e-05
iter: 600, loss: 0.001200739643536508
epoch: 5, train_acc: 0.989525, test_acc: 0.983
iter: 0, loss: 0.008188330568373203
iter: 100, loss: 3.7072773739765807e-09
iter: 200, loss: 1.026884710597642e-08
iter: 300, loss: 0.004766219761222601
iter: 400, loss: 0.00024205344379879534
iter: 500, loss: 1.4027982331299427e-07
iter: 600, loss: 0.0001615836372366175
epoch: 6, train_acc: 0.98835, test_acc: 0.9795
iter: 0, loss: 3.952771407966793e-07
iter: 100, loss: 0.0032024518586695194
iter: 200, loss: 0.0031964846421033144
iter: 300, loss: 0.0014823261881247163
iter: 400, loss: 0.00459806015715003
iter: 500, loss: 0.0013944517122581601
iter: 600, loss: 1.227189386554528e-06
epoch: 7, train_acc: 0.9888, test_acc: 0.984
iter: 0, loss: 1.544688266186256e-09
iter: 100, loss: 0.005960854701697826
iter: 200, loss: 5.3453607762321553e-08
iter: 300, loss: 0.0003139620239380747
iter: 400, loss: 6.37165542549667e-10
iter: 500, loss: 1.5985972962040407e-11
iter: 600, loss: 0.0023647963535040617
epoch: 8, train_acc: 0.990125, test_acc: 0.9835
iter: 0, loss: 0.0002982736623380333
iter: 100, loss: 0.002534744795411825
iter: 200, loss: 0.0062332539819180965
iter: 300, loss: 0.0007339719450101256
iter: 400, loss: 0.005551905371248722
iter: 500, loss: 0.006156803108751774
iter: 600, loss: 8.159067874657921e-06
epoch: 9, train_acc: 0.983375, test_acc: 0.9805
