iter: 0, loss: 0.13915866613388062
iter: 100, loss: 0.18125000596046448
iter: 200, loss: 0.171875
iter: 300, loss: 0.1875
iter: 400, loss: 0.1875
iter: 500, loss: 0.18125000596046448
iter: 600, loss: 0.16875000298023224
epoch: 0, train_acc: 0.103825, test_acc: 0.099
iter: 0, loss: 0.17812499403953552
iter: 100, loss: 0.171875
iter: 200, loss: 0.18125000596046448
iter: 300, loss: 0.17499999701976776
iter: 400, loss: 0.19062499701976776
iter: 500, loss: 0.18125000596046448
iter: 600, loss: 0.15312500298023224
epoch: 1, train_acc: 0.103825, test_acc: 0.099
iter: 0, loss: 0.19062499701976776
iter: 100, loss: 0.18125000596046448
iter: 200, loss: 0.16249999403953552
iter: 300, loss: 0.15937499701976776
iter: 400, loss: 0.16875000298023224
iter: 500, loss: 0.17499999701976776
iter: 600, loss: 0.17812499403953552
epoch: 2, train_acc: 0.103825, test_acc: 0.099
iter: 0, loss: 0.17812499403953552
iter: 100, loss: 0.17499999701976776
iter: 200, loss: 0.171875
iter: 300, loss: 0.17812499403953552
iter: 400, loss: 0.18437500298023224
iter: 500, loss: 0.18437500298023224
iter: 600, loss: 0.18125000596046448
epoch: 3, train_acc: 0.103825, test_acc: 0.099
iter: 0, loss: 0.18437500298023224
iter: 100, loss: 0.171875
iter: 200, loss: 0.18437500298023224
iter: 300, loss: 0.18437500298023224
iter: 400, loss: 0.17812499403953552
iter: 500, loss: 0.16562500596046448
iter: 600, loss: 0.18125000596046448
epoch: 4, train_acc: 0.103825, test_acc: 0.099
iter: 0, loss: 0.18125000596046448
iter: 100, loss: 0.17499999701976776
iter: 200, loss: 0.16875000298023224
iter: 300, loss: 0.17499999701976776
iter: 400, loss: 0.18437500298023224
iter: 500, loss: 0.18437500298023224
iter: 600, loss: 0.17812499403953552
epoch: 5, train_acc: 0.103825, test_acc: 0.099
iter: 0, loss: 0.17812499403953552
iter: 100, loss: 0.17812499403953552
iter: 200, loss: 0.18437500298023224
iter: 300, loss: 0.17499999701976776
iter: 400, loss: 0.18437500298023224
iter: 500, loss: 0.18125000596046448
iter: 600, loss: 0.18437500298023224
epoch: 6, train_acc: 0.103825, test_acc: 0.099
iter: 0, loss: 0.17812499403953552
iter: 100, loss: 0.19062499701976776
iter: 200, loss: 0.171875
iter: 300, loss: 0.17812499403953552
iter: 400, loss: 0.1875
iter: 500, loss: 0.17499999701976776
iter: 600, loss: 0.18125000596046448
epoch: 7, train_acc: 0.103825, test_acc: 0.099
iter: 0, loss: 0.18125000596046448
iter: 100, loss: 0.171875
iter: 200, loss: 0.17499999701976776
iter: 300, loss: 0.18437500298023224
iter: 400, loss: 0.18125000596046448
iter: 500, loss: 0.19374999403953552
iter: 600, loss: 0.17812499403953552
epoch: 8, train_acc: 0.103825, test_acc: 0.099
iter: 0, loss: 0.17499999701976776
iter: 100, loss: 0.18437500298023224
iter: 200, loss: 0.17499999701976776
iter: 300, loss: 0.19062499701976776
iter: 400, loss: 0.18125000596046448
iter: 500, loss: 0.1875
iter: 600, loss: 0.171875
epoch: 9, train_acc: 0.103825, test_acc: 0.099
