iter: 0, loss: 0.1350133866071701
iter: 100, loss: 0.07552291452884674
iter: 200, loss: 0.06743016839027405
iter: 300, loss: 0.05427975580096245
iter: 400, loss: 0.04627402871847153
iter: 500, loss: 0.03775782883167267
iter: 600, loss: 0.029131358489394188
epoch: 0, train_acc: 0.788425, test_acc: 0.7745
iter: 0, loss: 0.03632960841059685
iter: 100, loss: 0.0280732624232769
iter: 200, loss: 0.028939153999090195
iter: 300, loss: 0.02558150887489319
iter: 400, loss: 0.02834269404411316
iter: 500, loss: 0.020106714218854904
iter: 600, loss: 0.03861948102712631
epoch: 1, train_acc: 0.830875, test_acc: 0.824
iter: 0, loss: 0.028472334146499634
iter: 100, loss: 0.0317494198679924
iter: 200, loss: 0.02430354803800583
iter: 300, loss: 0.019211068749427795
iter: 400, loss: 0.016872141510248184
iter: 500, loss: 0.03189662843942642
iter: 600, loss: 0.02544260025024414
epoch: 2, train_acc: 0.850825, test_acc: 0.8385
iter: 0, loss: 0.025203887373209
iter: 100, loss: 0.015047979541122913
iter: 200, loss: 0.02108794078230858
iter: 300, loss: 0.02001768723130226
iter: 400, loss: 0.01796148717403412
iter: 500, loss: 0.01792238838970661
iter: 600, loss: 0.018976714462041855
epoch: 3, train_acc: 0.85365, test_acc: 0.8355
iter: 0, loss: 0.02107584848999977
iter: 100, loss: 0.017741365358233452
iter: 200, loss: 0.016922300681471825
iter: 300, loss: 0.013805422000586987
iter: 400, loss: 0.013083668425679207
iter: 500, loss: 0.021346690133213997
iter: 600, loss: 0.02250787988305092
epoch: 4, train_acc: 0.862825, test_acc: 0.8495
iter: 0, loss: 0.021881412714719772
iter: 100, loss: 0.0098795834928751
iter: 200, loss: 0.00904124230146408
iter: 300, loss: 0.008794576860964298
iter: 400, loss: 0.01099394541233778
iter: 500, loss: 0.008491741493344307
iter: 600, loss: 0.01434093713760376
epoch: 5, train_acc: 0.95665, test_acc: 0.95
iter: 0, loss: 0.004708912689238787
iter: 100, loss: 0.008345400914549828
iter: 200, loss: 0.008076238445937634
iter: 300, loss: 0.0024814573116600513
iter: 400, loss: 0.0055848341435194016
iter: 500, loss: 0.006265404634177685
iter: 600, loss: 0.004025145899504423
epoch: 6, train_acc: 0.96265, test_acc: 0.957
iter: 0, loss: 0.0040074181742966175
iter: 100, loss: 0.003790423274040222
iter: 200, loss: 0.004854856990277767
iter: 300, loss: 0.0025366651825606823
iter: 400, loss: 0.010672393254935741
iter: 500, loss: 0.0034530889242887497
iter: 600, loss: 0.005312513560056686
epoch: 7, train_acc: 0.96595, test_acc: 0.961
iter: 0, loss: 0.010133885778486729
iter: 100, loss: 0.0037540842313319445
iter: 200, loss: 0.008498793467879295
iter: 300, loss: 0.007071065250784159
iter: 400, loss: 0.005165773909538984
iter: 500, loss: 0.0030770045705139637
iter: 600, loss: 0.005379106849431992
epoch: 8, train_acc: 0.9681, test_acc: 0.963
iter: 0, loss: 0.005733460653573275
iter: 100, loss: 0.008212949149310589
iter: 200, loss: 0.0023324131034314632
iter: 300, loss: 0.0009959910530596972
iter: 400, loss: 0.01106790080666542
iter: 500, loss: 0.006176996976137161
iter: 600, loss: 0.0058322204276919365
epoch: 9, train_acc: 0.96975, test_acc: 0.9645
