iter: 0, loss: 0.17157840728759766
iter: 100, loss: 0.02249584160745144
iter: 200, loss: 0.021763967350125313
iter: 300, loss: 0.01020807959139347
iter: 400, loss: 0.009662901982665062
iter: 500, loss: 0.011028633452951908
iter: 600, loss: 0.014497431926429272
epoch: 0, train_acc: 0.942875, test_acc: 0.9405
iter: 0, loss: 0.0067655174061656
iter: 100, loss: 0.008823361247777939
iter: 200, loss: 0.00840063951909542
iter: 300, loss: 0.005382506176829338
iter: 400, loss: 0.006473265588283539
iter: 500, loss: 0.0008622538298368454
iter: 600, loss: 0.006983491126447916
epoch: 1, train_acc: 0.961975, test_acc: 0.956
iter: 0, loss: 0.006429005414247513
iter: 100, loss: 0.0026476355269551277
iter: 200, loss: 0.008181190118193626
iter: 300, loss: 0.003882385091856122
iter: 400, loss: 0.00785099621862173
iter: 500, loss: 0.003237878903746605
iter: 600, loss: 0.007176395505666733
epoch: 2, train_acc: 0.973325, test_acc: 0.9665
iter: 0, loss: 0.003438124433159828
iter: 100, loss: 0.005471851211041212
iter: 200, loss: 0.0020394441671669483
iter: 300, loss: 0.006716298870742321
iter: 400, loss: 0.0050493814051151276
iter: 500, loss: 0.0014213240938261151
iter: 600, loss: 0.0027725014369934797
epoch: 3, train_acc: 0.972625, test_acc: 0.965
iter: 0, loss: 0.010422899387776852
iter: 100, loss: 0.0013340755831450224
iter: 200, loss: 0.004091509617865086
iter: 300, loss: 0.004135948605835438
iter: 400, loss: 0.00533638522028923
iter: 500, loss: 0.003428686410188675
iter: 600, loss: 0.0024673505686223507
epoch: 4, train_acc: 0.983625, test_acc: 0.9745
iter: 0, loss: 0.004966831300407648
iter: 100, loss: 0.0014661008026450872
iter: 200, loss: 0.005026059690862894
iter: 300, loss: 0.005149190779775381
iter: 400, loss: 0.004528332967311144
iter: 500, loss: 0.0033655897714197636
iter: 600, loss: 0.001372643979266286
epoch: 5, train_acc: 0.985, test_acc: 0.971
iter: 0, loss: 0.0010847257217392325
iter: 100, loss: 0.00034956028684973717
iter: 200, loss: 0.0018410006305202842
iter: 300, loss: 0.004441370721906424
iter: 400, loss: 0.0004791422397829592
iter: 500, loss: 0.003268967615440488
iter: 600, loss: 0.00027482520090416074
epoch: 6, train_acc: 0.98385, test_acc: 0.9705
iter: 0, loss: 0.013363709673285484
iter: 100, loss: 0.0030761449597775936
iter: 200, loss: 0.004692151211202145
iter: 300, loss: 0.0010814206907525659
iter: 400, loss: 0.004704915918409824
iter: 500, loss: 0.0009404667653143406
iter: 600, loss: 0.00306132435798645
epoch: 7, train_acc: 0.988, test_acc: 0.9785
iter: 0, loss: 0.005206701345741749
iter: 100, loss: 0.0004644337168429047
iter: 200, loss: 0.00037094540311954916
iter: 300, loss: 0.0004066628753207624
iter: 400, loss: 0.002192734507843852
iter: 500, loss: 0.003410377074033022
iter: 600, loss: 0.0034824989270418882
epoch: 8, train_acc: 0.9892, test_acc: 0.9755
iter: 0, loss: 0.0003214085299987346
iter: 100, loss: 0.0026210874784737825
iter: 200, loss: 0.0030676494352519512
iter: 300, loss: 1.1345288839947898e-05
iter: 400, loss: 0.0011173086240887642
iter: 500, loss: 0.0036224909126758575
iter: 600, loss: 0.0072206309996545315
epoch: 9, train_acc: 0.9889, test_acc: 0.978
