iter: 0, loss: 0.11691365391016006
iter: 100, loss: 0.015172581188380718
iter: 200, loss: 0.0121036097407341
iter: 300, loss: 0.005271199159324169
iter: 400, loss: 0.005226678214967251
iter: 500, loss: 0.004708903841674328
iter: 600, loss: 0.004434661939740181
epoch: 0, train_acc: 0.9603, test_acc: 0.953
iter: 0, loss: 0.006849533412605524
iter: 100, loss: 0.006427346263080835
iter: 200, loss: 0.006477250251919031
iter: 300, loss: 0.00907054077833891
iter: 400, loss: 1.0184869097429328e-05
iter: 500, loss: 0.0008307616226375103
iter: 600, loss: 0.002943495288491249
epoch: 1, train_acc: 0.981375, test_acc: 0.9735
iter: 0, loss: 0.003998602740466595
iter: 100, loss: 0.001771342009305954
iter: 200, loss: 0.005212004296481609
iter: 300, loss: 0.0030955292750149965
iter: 400, loss: 0.009017512202262878
iter: 500, loss: 0.004847595002502203
iter: 600, loss: 0.0026469591539353132
epoch: 2, train_acc: 0.979375, test_acc: 0.9745
iter: 0, loss: 0.01165346335619688
iter: 100, loss: 0.006491170730441809
iter: 200, loss: 0.0027915306854993105
iter: 300, loss: 0.0016370924422517419
iter: 400, loss: 0.0008121292921714485
iter: 500, loss: 0.0029917960055172443
iter: 600, loss: 0.002728197257965803
epoch: 3, train_acc: 0.985575, test_acc: 0.9735
iter: 0, loss: 3.1187187232717406e-06
iter: 100, loss: 0.00301802484318614
iter: 200, loss: 0.006239892914891243
iter: 300, loss: 0.006057886406779289
iter: 400, loss: 0.004260475747287273
iter: 500, loss: 0.008430569432675838
iter: 600, loss: 0.002085575833916664
epoch: 4, train_acc: 0.985575, test_acc: 0.974
iter: 0, loss: 0.002892886521294713
iter: 100, loss: 0.003927518613636494
iter: 200, loss: 0.0022749309428036213
iter: 300, loss: 0.005421324633061886
iter: 400, loss: 0.004607253707945347
iter: 500, loss: 0.0036888178437948227
iter: 600, loss: 0.006312443874776363
epoch: 5, train_acc: 0.989075, test_acc: 0.984
iter: 0, loss: 0.004114215262234211
iter: 100, loss: 0.005058436654508114
iter: 200, loss: 0.0002984524762723595
iter: 300, loss: 0.00018070601799990982
iter: 400, loss: 0.005375520326197147
iter: 500, loss: 0.00244879350066185
iter: 600, loss: 1.4086862343276607e-08
epoch: 6, train_acc: 0.9881, test_acc: 0.9845
iter: 0, loss: 2.540663672334631e-06
iter: 100, loss: 0.0030983064789325
iter: 200, loss: 0.002507873810827732
iter: 300, loss: 0.0007501208456233144
iter: 400, loss: 0.004978214856237173
iter: 500, loss: 0.0018915447872132063
iter: 600, loss: 0.0009140406618826091
epoch: 7, train_acc: 0.988575, test_acc: 0.9825
iter: 0, loss: 0.00037600629730150104
iter: 100, loss: 0.0018576610600575805
iter: 200, loss: 0.0033416557125747204
iter: 300, loss: 0.0025667306035757065
iter: 400, loss: 0.0027452579233795404
iter: 500, loss: 0.0026882949750870466
iter: 600, loss: 0.00892726518213749
epoch: 8, train_acc: 0.986875, test_acc: 0.978
iter: 0, loss: 0.003126140683889389
iter: 100, loss: 0.006533469073474407
iter: 200, loss: 0.001462556654587388
iter: 300, loss: 0.0033071853686124086
iter: 400, loss: 0.002549789845943451
iter: 500, loss: 0.0049670846201479435
iter: 600, loss: 0.002969974186271429
epoch: 9, train_acc: 0.985475, test_acc: 0.973
